-------------------------------------------------------------------------------
Test set: com.nnk.springboot.services.TradeServiceTest
-------------------------------------------------------------------------------
Tests run: 9, Failures: 2, Errors: 0, Skipped: 0, Time elapsed: 0.002 s <<< FAILURE! - in com.nnk.springboot.services.TradeServiceTest
testDeleteTradeById_TradeRepositoryFindByIdReturnsAbsent  Time elapsed: 0.001 s  <<< FAILURE!
org.mockito.exceptions.verification.WantedButNotInvoked: 

Wanted but not invoked:
mockTradeRepository.delete(
    <any com.nnk.springboot.domain.Trade>
);
-> at com.nnk.springboot.services.TradeServiceTest.testDeleteTradeById_TradeRepositoryFindByIdReturnsAbsent(TradeServiceTest.java:147)

However, there was exactly 1 interaction with this mock:
mockTradeRepository.findById(0);
-> at com.nnk.springboot.services.TradeService.deleteTradeById(TradeService.java:66)


	at com.nnk.springboot.services.TradeServiceTest.testDeleteTradeById_TradeRepositoryFindByIdReturnsAbsent(TradeServiceTest.java:147)

testUpdateTrade_TradeRepositoryFindByIdReturnsAbsent  Time elapsed: 0 s  <<< FAILURE!
org.opentest4j.AssertionFailedError: expected: <true> but was: <false>
	at com.nnk.springboot.services.TradeServiceTest.testUpdateTrade_TradeRepositoryFindByIdReturnsAbsent(TradeServiceTest.java:120)

