-------------------------------------------------------------------------------
Test set: com.nnk.springboot.services.UserServiceTest
-------------------------------------------------------------------------------
Tests run: 8, Failures: 0, Errors: 2, Skipped: 0, Time elapsed: 0.003 s <<< FAILURE! - in com.nnk.springboot.services.UserServiceTest
testGetUserById_UserRepositoryReturnsAbsent  Time elapsed: 0 s  <<< ERROR!
java.lang.IllegalArgumentException: Invalid User Id: 0
	at com.nnk.springboot.services.UserServiceTest.testGetUserById_UserRepositoryReturnsAbsent(UserServiceTest.java:74)

testUpdateUser_UserRepositoryReturnsAbsent  Time elapsed: 0 s  <<< ERROR!
java.lang.IllegalArgumentException: Invalid User Id: 0
	at com.nnk.springboot.services.UserServiceTest.testUpdateUser_UserRepositoryReturnsAbsent(UserServiceTest.java:118)

