-------------------------------------------------------------------------------
Test set: com.nnk.springboot.services.RuleNameServiceTest
-------------------------------------------------------------------------------
Tests run: 9, Failures: 2, Errors: 0, Skipped: 0, Time elapsed: 0.056 s <<< FAILURE! - in com.nnk.springboot.services.RuleNameServiceTest
testUpdateRuleName_RuleNameRepositoryFindByIdReturnsAbsent  Time elapsed: 0.023 s  <<< FAILURE!
org.opentest4j.AssertionFailedError: expected: <true> but was: <false>
	at com.nnk.springboot.services.RuleNameServiceTest.testUpdateRuleName_RuleNameRepositoryFindByIdReturnsAbsent(RuleNameServiceTest.java:133)

testDeleteRuleNameById_RuleNameRepositoryFindByIdReturnsAbsent  Time elapsed: 0.006 s  <<< FAILURE!
org.mockito.exceptions.verification.WantedButNotInvoked: 

Wanted but not invoked:
mockRuleNameRepository.delete(
    <any com.nnk.springboot.domain.RuleName>
);
-> at com.nnk.springboot.services.RuleNameServiceTest.testDeleteRuleNameById_RuleNameRepositoryFindByIdReturnsAbsent(RuleNameServiceTest.java:161)

However, there was exactly 1 interaction with this mock:
mockRuleNameRepository.findById(0);
-> at com.nnk.springboot.services.RuleNameService.deleteRuleNameById(RuleNameService.java:64)


	at com.nnk.springboot.services.RuleNameServiceTest.testDeleteRuleNameById_RuleNameRepositoryFindByIdReturnsAbsent(RuleNameServiceTest.java:161)

