<?xml version="1.0" encoding="UTF-8"?>
<testsuite xmlns:xsi="http://www.w3.org/2001/XMLSchema-instance" xsi:noNamespaceSchemaLocation="https://maven.apache.org/surefire/maven-surefire-plugin/xsd/surefire-test-report.xsd" name="com.nnk.springboot.controllers.BidListControllerTest" time="1.528" tests="10" errors="0" skipped="0" failures="10">
  <properties>
[...]
</properties>
  <testcase name="testUpdateBid_BidListServiceGetAllBidsReturnsNoItems" classname="com.nnk.springboot.controllers.BidListControllerTest" time="0.111">
    <failure message="expected: &lt;200&gt; but was: &lt;302&gt;" type="org.opentest4j.AssertionFailedError"><![CDATA[org.opentest4j.AssertionFailedError: expected: <200> but was: <302>
	at com.nnk.springboot.controllers.BidListControllerTest.testUpdateBid_BidListServiceGetAllBidsReturnsNoItems(BidListControllerTest.java:263)
]]></failure>
    <system-out><![CDATA[2022-06-28 10:43:26.488  INFO 4604 --- [           main] .b.t.a.w.s.WebMvcTestContextBootstrapper : Neither @ContextConfiguration nor @ContextHierarchy found for test class [com.nnk.springboot.controllers.BidListControllerTest], using SpringBootContextLoader
2022-06-28 10:43:26.489  INFO 4604 --- [           main] o.s.t.c.support.AbstractContextLoader    : Could not detect default resource locations for test class [com.nnk.springboot.controllers.BidListControllerTest]: no resource found for suffixes {-context.xml, Context.groovy}.
2022-06-28 10:43:26.489  INFO 4604 --- [           main] t.c.s.AnnotationConfigContextLoaderUtils : Could not detect default configuration classes for test class [com.nnk.springboot.controllers.BidListControllerTest]: BidListControllerTest does not declare any static, non-private, non-final, nested classes annotated with @Configuration.
2022-06-28 10:43:26.554  INFO 4604 --- [           main] .b.t.c.SpringBootTestContextBootstrapper : Found @SpringBootConfiguration com.nnk.springboot.Application for test class com.nnk.springboot.controllers.BidListControllerTest
2022-06-28 10:43:26.555  INFO 4604 --- [           main] .b.t.a.w.s.WebMvcTestContextBootstrapper : Loaded default TestExecutionListener class names from location [META-INF/spring.factories]: [org.springframework.boot.test.mock.mockito.MockitoTestExecutionListener, org.springframework.boot.test.mock.mockito.ResetMocksTestExecutionListener, org.springframework.boot.test.autoconfigure.restdocs.RestDocsTestExecutionListener, org.springframework.boot.test.autoconfigure.web.client.MockRestServiceServerResetTestExecutionListener, org.springframework.boot.test.autoconfigure.web.servlet.MockMvcPrintOnlyOnFailureTestExecutionListener, org.springframework.boot.test.autoconfigure.web.servlet.WebDriverTestExecutionListener, org.springframework.boot.test.autoconfigure.webservices.client.MockWebServiceServerTestExecutionListener, org.springframework.test.context.web.ServletTestExecutionListener, org.springframework.test.context.support.DirtiesContextBeforeModesTestExecutionListener, org.springframework.test.context.event.ApplicationEventsTestExecutionListener, org.springframework.test.context.support.DependencyInjectionTestExecutionListener, org.springframework.test.context.support.DirtiesContextTestExecutionListener, org.springframework.test.context.transaction.TransactionalTestExecutionListener, org.springframework.test.context.jdbc.SqlScriptsTestExecutionListener, org.springframework.test.context.event.EventPublishingTestExecutionListener, org.springframework.security.test.context.support.WithSecurityContextTestExecutionListener, org.springframework.security.test.context.support.ReactorContextTestExecutionListener]
2022-06-28 10:43:26.557  INFO 4604 --- [           main] .b.t.a.w.s.WebMvcTestContextBootstrapper : Using TestExecutionListeners: [org.springframework.test.context.web.ServletTestExecutionListener@4f397042, org.springframework.test.context.support.DirtiesContextBeforeModesTestExecutionListener@2fe3131, org.springframework.test.context.event.ApplicationEventsTestExecutionListener@281a8f69, org.springframework.boot.test.mock.mockito.MockitoTestExecutionListener@57ef3256, org.springframework.boot.test.autoconfigure.SpringBootDependencyInjectionTestExecutionListener@5350e389, org.springframework.test.context.support.DirtiesContextTestExecutionListener@20d4276b, org.springframework.test.context.transaction.TransactionalTestExecutionListener@5cc995df, org.springframework.test.context.jdbc.SqlScriptsTestExecutionListener@729a7192, org.springframework.test.context.event.EventPublishingTestExecutionListener@260288e3, org.springframework.security.test.context.support.WithSecurityContextTestExecutionListener@27ec1c37, org.springframework.security.test.context.support.ReactorContextTestExecutionListener@371b1278, org.springframework.boot.test.mock.mockito.ResetMocksTestExecutionListener@162cf3e8, org.springframework.boot.test.autoconfigure.restdocs.RestDocsTestExecutionListener@245b345e, org.springframework.boot.test.autoconfigure.web.client.MockRestServiceServerResetTestExecutionListener@63118946, org.springframework.boot.test.autoconfigure.web.servlet.MockMvcPrintOnlyOnFailureTestExecutionListener@cf6cf8e, org.springframework.boot.test.autoconfigure.web.servlet.WebDriverTestExecutionListener@7db4de4b, org.springframework.boot.test.autoconfigure.webservices.client.MockWebServiceServerTestExecutionListener@30ec67]

  .   ____          _            __ _ _
 /\\ / ___'_ __ _ _(_)_ __  __ _ \ \ \ \
( ( )\___ | '_ | '_| | '_ \/ _` | \ \ \ \
 \\/  ___)| |_)| | | | | || (_| |  ) ) ) )
  '  |____| .__|_| |_|_| |_\__, | / / / /
 =========|_|==============|___/=/_/_/_/
 :: Spring Boot ::                (v2.5.6)

2022-06-28 10:43:26.649  INFO 4604 --- [           main] c.n.s.controllers.BidListControllerTest  : Starting BidListControllerTest using Java 14.0.1 on DESKTOP-0AQ2LDQ with PID 4604 (started by Simon in C:\Users\Simon\Desktop\FORMATION DEV JAVA\Projet_7\JavaDA_PROJECT7_RESTAPI\Poseiden-skeleton)
2022-06-28 10:43:26.651  INFO 4604 --- [           main] c.n.s.controllers.BidListControllerTest  : No active profile set, falling back to default profiles: default
2022-06-28 10:43:27.472  INFO 4604 --- [           main] o.s.s.web.DefaultSecurityFilterChain     : Will secure any request with [org.springframework.security.web.context.request.async.WebAsyncManagerIntegrationFilter@66065582, org.springframework.security.web.context.SecurityContextPersistenceFilter@315023b4, org.springframework.security.web.header.HeaderWriterFilter@2ae5c2da, org.springframework.web.filter.CorsFilter@7a9e844d, org.springframework.security.web.authentication.logout.LogoutFilter@5a7d49b4, org.springframework.security.web.authentication.UsernamePasswordAuthenticationFilter@426e0534, org.springframework.security.web.authentication.ui.DefaultLoginPageGeneratingFilter@3316d545, org.springframework.security.web.authentication.ui.DefaultLogoutPageGeneratingFilter@1aaba3de, org.springframework.security.web.savedrequest.RequestCacheAwareFilter@71950b52, org.springframework.security.web.servletapi.SecurityContextHolderAwareRequestFilter@75e2e4a8, org.springframework.security.web.authentication.AnonymousAuthenticationFilter@28de521a, org.springframework.security.web.session.SessionManagementFilter@215cfdcc, org.springframework.security.web.access.ExceptionTranslationFilter@141a83f7, org.springframework.security.web.access.intercept.FilterSecurityInterceptor@7c153d]
2022-06-28 10:43:27.849  INFO 4604 --- [           main] o.s.b.t.m.w.SpringBootMockServletContext : Initializing Spring TestDispatcherServlet ''
2022-06-28 10:43:27.849  INFO 4604 --- [           main] o.s.t.web.servlet.TestDispatcherServlet  : Initializing Servlet ''
2022-06-28 10:43:27.850  INFO 4604 --- [           main] o.s.t.web.servlet.TestDispatcherServlet  : Completed initialization in 1 ms
2022-06-28 10:43:27.868  INFO 4604 --- [           main] c.n.s.controllers.BidListControllerTest  : Started BidListControllerTest in 1.304 seconds (JVM running for 17.129)

MockHttpServletRequest:
      HTTP Method = POST
      Request URI = /bidList/update/0
       Parameters = {bidListId=[0], account=[account], type=[type], bidQuantity=[0], askQuantity=[0], bid=[0], ask=[0], benchmark=[benchmark], bidListDate=[bidListDate], commentary=[commentary], security=[security], status=[status], trader=[trader], book=[book], creationName=[creationName], creationDate=[creationDate], revisionName=[revisionName], revisionDate=[revisionDate], dealName=[dealName], dealType=[dealType], sourceListId=[sourceListId], side=[side], _csrf=[af0184e7-9549-48a3-9e56-76b11ed61732]}
          Headers = [Accept:"text/html"]
             Body = null
    Session Attrs = {SPRING_SECURITY_SAVED_REQUEST=DefaultSavedRequest [http://localhost/bidList/update/0]}

Handler:
             Type = null

Async:
    Async started = false
     Async result = null

Resolved Exception:
             Type = null

ModelAndView:
        View name = null
             View = null
            Model = null

FlashMap:
       Attributes = null

MockHttpServletResponse:
           Status = 302
    Error message = null
          Headers = [Vary:"Origin", "Access-Control-Request-Method", "Access-Control-Request-Headers", X-Content-Type-Options:"nosniff", X-XSS-Protection:"1; mode=block", Cache-Control:"no-cache, no-store, max-age=0, must-revalidate", Pragma:"no-cache", Expires:"0", X-Frame-Options:"DENY", Location:"http://localhost/login"]
     Content type = null
             Body = 
    Forwarded URL = null
   Redirected URL = http://localhost/login
          Cookies = []
]]></system-out>
  </testcase>
  <testcase name="testUpdateBid" classname="com.nnk.springboot.controllers.BidListControllerTest" time="0.031">
    <failure message="expected: &lt;200&gt; but was: &lt;302&gt;" type="org.opentest4j.AssertionFailedError"><![CDATA[org.opentest4j.AssertionFailedError: expected: <200> but was: <302>
	at com.nnk.springboot.controllers.BidListControllerTest.testUpdateBid(BidListControllerTest.java:224)
]]></failure>
    <system-out><![CDATA[
MockHttpServletRequest:
      HTTP Method = POST
      Request URI = /bidList/update/0
       Parameters = {bidListId=[0], account=[account], type=[type], bidQuantity=[0], askQuantity=[0], bid=[0], ask=[0], benchmark=[benchmark], bidListDate=[bidListDate], commentary=[commentary], security=[security], status=[status], trader=[trader], book=[book], creationName=[creationName], creationDate=[creationDate], revisionName=[revisionName], revisionDate=[revisionDate], dealName=[dealName], dealType=[dealType], sourceListId=[sourceListId], side=[side], _csrf=[cb579b69-62cd-4294-9847-e66ea11ff2be]}
          Headers = [Accept:"text/html"]
             Body = null
    Session Attrs = {SPRING_SECURITY_SAVED_REQUEST=DefaultSavedRequest [http://localhost/bidList/update/0]}

Handler:
             Type = null

Async:
    Async started = false
     Async result = null

Resolved Exception:
             Type = null

ModelAndView:
        View name = null
             View = null
            Model = null

FlashMap:
       Attributes = null

MockHttpServletResponse:
           Status = 302
    Error message = null
          Headers = [Vary:"Origin", "Access-Control-Request-Method", "Access-Control-Request-Headers", X-Content-Type-Options:"nosniff", X-XSS-Protection:"1; mode=block", Cache-Control:"no-cache, no-store, max-age=0, must-revalidate", Pragma:"no-cache", Expires:"0", X-Frame-Options:"DENY", Location:"http://localhost/login"]
     Content type = null
             Body = 
    Forwarded URL = null
   Redirected URL = http://localhost/login
          Cookies = []
]]></system-out>
  </testcase>
  <testcase name="testHome" classname="com.nnk.springboot.controllers.BidListControllerTest" time="0.009">
    <failure message="expected: &lt;200&gt; but was: &lt;302&gt;" type="org.opentest4j.AssertionFailedError"><![CDATA[org.opentest4j.AssertionFailedError: expected: <200> but was: <302>
	at com.nnk.springboot.controllers.BidListControllerTest.testHome(BidListControllerTest.java:59)
]]></failure>
    <system-out><![CDATA[
MockHttpServletRequest:
      HTTP Method = GET
      Request URI = /bidList/list
       Parameters = {}
          Headers = [Accept:"text/html"]
             Body = null
    Session Attrs = {SPRING_SECURITY_SAVED_REQUEST=DefaultSavedRequest [http://localhost/bidList/list]}

Handler:
             Type = null

Async:
    Async started = false
     Async result = null

Resolved Exception:
             Type = null

ModelAndView:
        View name = null
             View = null
            Model = null

FlashMap:
       Attributes = null

MockHttpServletResponse:
           Status = 302
    Error message = null
          Headers = [Vary:"Origin", "Access-Control-Request-Method", "Access-Control-Request-Headers", X-Content-Type-Options:"nosniff", X-XSS-Protection:"1; mode=block", Cache-Control:"no-cache, no-store, max-age=0, must-revalidate", Pragma:"no-cache", Expires:"0", X-Frame-Options:"DENY", Location:"http://localhost/login"]
     Content type = null
             Body = 
    Forwarded URL = null
   Redirected URL = http://localhost/login
          Cookies = []
]]></system-out>
  </testcase>
  <testcase name="testValidate" classname="com.nnk.springboot.controllers.BidListControllerTest" time="0.012">
    <failure message="expected: &lt;200&gt; but was: &lt;302&gt;" type="org.opentest4j.AssertionFailedError"><![CDATA[org.opentest4j.AssertionFailedError: expected: <200> but was: <302>
	at com.nnk.springboot.controllers.BidListControllerTest.testValidate(BidListControllerTest.java:127)
]]></failure>
    <system-out><![CDATA[
MockHttpServletRequest:
      HTTP Method = POST
      Request URI = /bidList/validate
       Parameters = {bidListId=[0], account=[account], type=[type], bidQuantity=[0], askQuantity=[0], bid=[0], ask=[0], benchmark=[benchmark], bidListDate=[bidListDate], commentary=[commentary], security=[security], status=[status], trader=[trader], book=[book], creationName=[creationName], creationDate=[creationDate], revisionName=[revisionName], revisionDate=[revisionDate], dealName=[dealName], dealType=[dealType], sourceListId=[sourceListId], side=[side], _csrf=[41ea0834-5d0f-4d1e-84ba-7e1b7528a3d8]}
          Headers = [Accept:"text/html"]
             Body = null
    Session Attrs = {SPRING_SECURITY_SAVED_REQUEST=DefaultSavedRequest [http://localhost/bidList/validate]}

Handler:
             Type = null

Async:
    Async started = false
     Async result = null

Resolved Exception:
             Type = null

ModelAndView:
        View name = null
             View = null
            Model = null

FlashMap:
       Attributes = null

MockHttpServletResponse:
           Status = 302
    Error message = null
          Headers = [Vary:"Origin", "Access-Control-Request-Method", "Access-Control-Request-Headers", X-Content-Type-Options:"nosniff", X-XSS-Protection:"1; mode=block", Cache-Control:"no-cache, no-store, max-age=0, must-revalidate", Pragma:"no-cache", Expires:"0", X-Frame-Options:"DENY", Location:"http://localhost/login"]
     Content type = null
             Body = 
    Forwarded URL = null
   Redirected URL = http://localhost/login
          Cookies = []
]]></system-out>
  </testcase>
  <testcase name="testDeleteBid_BidListServiceGetAllBidsReturnsNoItems" classname="com.nnk.springboot.controllers.BidListControllerTest" time="0.017">
    <failure message="expected: &lt;200&gt; but was: &lt;302&gt;" type="org.opentest4j.AssertionFailedError"><![CDATA[org.opentest4j.AssertionFailedError: expected: <200> but was: <302>
	at com.nnk.springboot.controllers.BidListControllerTest.testDeleteBid_BidListServiceGetAllBidsReturnsNoItems(BidListControllerTest.java:296)
]]></failure>
    <system-out><![CDATA[
MockHttpServletRequest:
      HTTP Method = GET
      Request URI = /bidList/delete/0
       Parameters = {}
          Headers = [Accept:"text/html"]
             Body = null
    Session Attrs = {SPRING_SECURITY_SAVED_REQUEST=DefaultSavedRequest [http://localhost/bidList/delete/0]}

Handler:
             Type = null

Async:
    Async started = false
     Async result = null

Resolved Exception:
             Type = null

ModelAndView:
        View name = null
             View = null
            Model = null

FlashMap:
       Attributes = null

MockHttpServletResponse:
           Status = 302
    Error message = null
          Headers = [Vary:"Origin", "Access-Control-Request-Method", "Access-Control-Request-Headers", X-Content-Type-Options:"nosniff", X-XSS-Protection:"1; mode=block", Cache-Control:"no-cache, no-store, max-age=0, must-revalidate", Pragma:"no-cache", Expires:"0", X-Frame-Options:"DENY", Location:"http://localhost/login"]
     Content type = null
             Body = 
    Forwarded URL = null
   Redirected URL = http://localhost/login
          Cookies = []
]]></system-out>
  </testcase>
  <testcase name="testShowUpdateForm" classname="com.nnk.springboot.controllers.BidListControllerTest" time="0.009">
    <failure message="expected: &lt;200&gt; but was: &lt;302&gt;" type="org.opentest4j.AssertionFailedError"><![CDATA[org.opentest4j.AssertionFailedError: expected: <200> but was: <302>
	at com.nnk.springboot.controllers.BidListControllerTest.testShowUpdateForm(BidListControllerTest.java:182)
]]></failure>
    <system-out><![CDATA[
MockHttpServletRequest:
      HTTP Method = GET
      Request URI = /bidList/update/0
       Parameters = {}
          Headers = [Accept:"text/html"]
             Body = null
    Session Attrs = {SPRING_SECURITY_SAVED_REQUEST=DefaultSavedRequest [http://localhost/bidList/update/0]}

Handler:
             Type = null

Async:
    Async started = false
     Async result = null

Resolved Exception:
             Type = null

ModelAndView:
        View name = null
             View = null
            Model = null

FlashMap:
       Attributes = null

MockHttpServletResponse:
           Status = 302
    Error message = null
          Headers = [Vary:"Origin", "Access-Control-Request-Method", "Access-Control-Request-Headers", X-Content-Type-Options:"nosniff", X-XSS-Protection:"1; mode=block", Cache-Control:"no-cache, no-store, max-age=0, must-revalidate", Pragma:"no-cache", Expires:"0", X-Frame-Options:"DENY", Location:"http://localhost/login"]
     Content type = null
             Body = 
    Forwarded URL = null
   Redirected URL = http://localhost/login
          Cookies = []
]]></system-out>
  </testcase>
  <testcase name="testDeleteBid" classname="com.nnk.springboot.controllers.BidListControllerTest" time="0.01">
    <failure message="expected: &lt;200&gt; but was: &lt;302&gt;" type="org.opentest4j.AssertionFailedError"><![CDATA[org.opentest4j.AssertionFailedError: expected: <200> but was: <302>
	at com.nnk.springboot.controllers.BidListControllerTest.testDeleteBid(BidListControllerTest.java:280)
]]></failure>
    <system-out><![CDATA[
MockHttpServletRequest:
      HTTP Method = GET
      Request URI = /bidList/delete/0
       Parameters = {}
          Headers = [Accept:"text/html"]
             Body = null
    Session Attrs = {SPRING_SECURITY_SAVED_REQUEST=DefaultSavedRequest [http://localhost/bidList/delete/0]}

Handler:
             Type = null

Async:
    Async started = false
     Async result = null

Resolved Exception:
             Type = null

ModelAndView:
        View name = null
             View = null
            Model = null

FlashMap:
       Attributes = null

MockHttpServletResponse:
           Status = 302
    Error message = null
          Headers = [Vary:"Origin", "Access-Control-Request-Method", "Access-Control-Request-Headers", X-Content-Type-Options:"nosniff", X-XSS-Protection:"1; mode=block", Cache-Control:"no-cache, no-store, max-age=0, must-revalidate", Pragma:"no-cache", Expires:"0", X-Frame-Options:"DENY", Location:"http://localhost/login"]
     Content type = null
             Body = 
    Forwarded URL = null
   Redirected URL = http://localhost/login
          Cookies = []
]]></system-out>
  </testcase>
  <testcase name="testValidate_BidListServiceGetAllBidsReturnsNoItems" classname="com.nnk.springboot.controllers.BidListControllerTest" time="0.044">
    <failure message="expected: &lt;200&gt; but was: &lt;302&gt;" type="org.opentest4j.AssertionFailedError"><![CDATA[org.opentest4j.AssertionFailedError: expected: <200> but was: <302>
	at com.nnk.springboot.controllers.BidListControllerTest.testValidate_BidListServiceGetAllBidsReturnsNoItems(BidListControllerTest.java:166)
]]></failure>
    <system-out><![CDATA[
MockHttpServletRequest:
      HTTP Method = POST
      Request URI = /bidList/validate
       Parameters = {bidListId=[0], account=[account], type=[type], bidQuantity=[0], askQuantity=[0], bid=[0], ask=[0], benchmark=[benchmark], bidListDate=[bidListDate], commentary=[commentary], security=[security], status=[status], trader=[trader], book=[book], creationName=[creationName], creationDate=[creationDate], revisionName=[revisionName], revisionDate=[revisionDate], dealName=[dealName], dealType=[dealType], sourceListId=[sourceListId], side=[side], _csrf=[996a904f-bcff-4645-86ca-3b886ebf5d00]}
          Headers = [Accept:"text/html"]
             Body = null
    Session Attrs = {SPRING_SECURITY_SAVED_REQUEST=DefaultSavedRequest [http://localhost/bidList/validate]}

Handler:
             Type = null

Async:
    Async started = false
     Async result = null

Resolved Exception:
             Type = null

ModelAndView:
        View name = null
             View = null
            Model = null

FlashMap:
       Attributes = null

MockHttpServletResponse:
           Status = 302
    Error message = null
          Headers = [Vary:"Origin", "Access-Control-Request-Method", "Access-Control-Request-Headers", X-Content-Type-Options:"nosniff", X-XSS-Protection:"1; mode=block", Cache-Control:"no-cache, no-store, max-age=0, must-revalidate", Pragma:"no-cache", Expires:"0", X-Frame-Options:"DENY", Location:"http://localhost/login"]
     Content type = null
             Body = 
    Forwarded URL = null
   Redirected URL = http://localhost/login
          Cookies = []
]]></system-out>
  </testcase>
  <testcase name="testAddBidForm" classname="com.nnk.springboot.controllers.BidListControllerTest" time="0.012">
    <failure message="expected: &lt;200&gt; but was: &lt;302&gt;" type="org.opentest4j.AssertionFailedError"><![CDATA[org.opentest4j.AssertionFailedError: expected: <200> but was: <302>
	at com.nnk.springboot.controllers.BidListControllerTest.testAddBidForm(BidListControllerTest.java:87)
]]></failure>
    <system-out><![CDATA[
MockHttpServletRequest:
      HTTP Method = GET
      Request URI = /bidList/add
       Parameters = {}
          Headers = [Accept:"text/html"]
             Body = null
    Session Attrs = {SPRING_SECURITY_SAVED_REQUEST=DefaultSavedRequest [http://localhost/bidList/add]}

Handler:
             Type = null

Async:
    Async started = false
     Async result = null

Resolved Exception:
             Type = null

ModelAndView:
        View name = null
             View = null
            Model = null

FlashMap:
       Attributes = null

MockHttpServletResponse:
           Status = 302
    Error message = null
          Headers = [Vary:"Origin", "Access-Control-Request-Method", "Access-Control-Request-Headers", X-Content-Type-Options:"nosniff", X-XSS-Protection:"1; mode=block", Cache-Control:"no-cache, no-store, max-age=0, must-revalidate", Pragma:"no-cache", Expires:"0", X-Frame-Options:"DENY", Location:"http://localhost/login"]
     Content type = null
             Body = 
    Forwarded URL = null
   Redirected URL = http://localhost/login
          Cookies = []
]]></system-out>
  </testcase>
  <testcase name="testHome_BidListServiceReturnsNoItems" classname="com.nnk.springboot.controllers.BidListControllerTest" time="0.009">
    <failure message="expected: &lt;200&gt; but was: &lt;302&gt;" type="org.opentest4j.AssertionFailedError"><![CDATA[org.opentest4j.AssertionFailedError: expected: <200> but was: <302>
	at com.nnk.springboot.controllers.BidListControllerTest.testHome_BidListServiceReturnsNoItems(BidListControllerTest.java:74)
]]></failure>
    <system-out><![CDATA[
MockHttpServletRequest:
      HTTP Method = GET
      Request URI = /bidList/list
       Parameters = {}
          Headers = [Accept:"text/html"]
             Body = null
    Session Attrs = {SPRING_SECURITY_SAVED_REQUEST=DefaultSavedRequest [http://localhost/bidList/list]}

Handler:
             Type = null

Async:
    Async started = false
     Async result = null

Resolved Exception:
             Type = null

ModelAndView:
        View name = null
             View = null
            Model = null

FlashMap:
       Attributes = null

MockHttpServletResponse:
           Status = 302
    Error message = null
          Headers = [Vary:"Origin", "Access-Control-Request-Method", "Access-Control-Request-Headers", X-Content-Type-Options:"nosniff", X-XSS-Protection:"1; mode=block", Cache-Control:"no-cache, no-store, max-age=0, must-revalidate", Pragma:"no-cache", Expires:"0", X-Frame-Options:"DENY", Location:"http://localhost/login"]
     Content type = null
             Body = 
    Forwarded URL = null
   Redirected URL = http://localhost/login
          Cookies = []
]]></system-out>
  </testcase>
</testsuite>